<?xml version="1.0" encoding="UTF-8"?>
<!-- Generated by org.testng.reporters.JUnitReportReporter -->
<testsuite hostname="LAPTOP-V31DEUKA" failures="0" tests="3" name="rahulshettyacademy.tests.ErrorValidationsTest" time="55.003" errors="0" timestamp="2024-04-30T16:35:10 IST" skipped="1">
  <testcase classname="rahulshettyacademy.tests.ErrorValidationsTest" name="productErrorValidation" time="20.157"/>
  <testcase classname="rahulshettyacademy.tests.ErrorValidationsTest" name="loginErrorValidation" time="20.239">
    <skipped/>
  </testcase> <!-- loginErrorValidation -->
  <testcase classname="rahulshettyacademy.tests.ErrorValidationsTest" name="loginErrorValidation" time="14.607"/>
</testsuite> <!-- rahulshettyacademy.tests.ErrorValidationsTest -->
