<?xml version="1.0" encoding="UTF-8"?>
<!-- Generated by org.testng.reporters.JUnitReportReporter -->
<testsuite hostname="LAPTOP-V31DEUKA" failures="0" tests="1" name="cucumber.TestNGTestRunner" time="9.283" errors="0" timestamp="2024-05-20T12:00:53 IST" skipped="0">
  <testcase classname="cucumber.TestNGTestRunner" name="runScenario" time="9.283"/>
</testsuite> <!-- cucumber.TestNGTestRunner -->
