<?xml version="1.0" encoding="UTF-8"?>
<!-- Generated by org.testng.reporters.JUnitReportReporter -->
<testsuite hostname="LAPTOP-V31DEUKA" failures="0" tests="2" name="rahulshettyacademy.tests.ErrorValidations" time="28.915" errors="0" timestamp="2024-04-17T18:29:57 IST" skipped="0">
  <testcase classname="rahulshettyacademy.tests.ErrorValidations" name="loginErrorValidation" time="7.994"/>
  <testcase classname="rahulshettyacademy.tests.ErrorValidations" name="productErrorValidation" time="20.921"/>
</testsuite> <!-- rahulshettyacademy.tests.ErrorValidations -->
