<?xml version="1.0" encoding="UTF-8"?>
<!-- Generated by org.testng.reporters.JUnitReportReporter -->
<testsuite hostname="LAPTOP-V31DEUKA" failures="0" tests="2" name="rahulshettyacademy.tests.submitOrderTest" time="38.734" errors="0" timestamp="2024-05-10T11:49:12 IST" skipped="0">
  <testcase classname="rahulshettyacademy.tests.submitOrderTest" name="submitOrder" time="22.707"/>
  <testcase classname="rahulshettyacademy.tests.submitOrderTest" name="submitOrder" time="16.027"/>
</testsuite> <!-- rahulshettyacademy.tests.submitOrderTest -->
